#
# There is insufficient memory for the Java Runtime Environment to continue.
# Native memory allocation (malloc) failed to allocate 1048576 bytes for AllocateHeap
# Possible reasons:
#   The system is out of physical RAM or swap space
#   In 32 bit mode, the process size limit was hit
# Possible solutions:
#   Reduce memory load on the system
#   Increase physical memory or swap space
#   Check if swap backing store is full
#   Use 64 bit Java on a 64 bit OS
#   Decrease Java heap size (-Xmx/-Xms)
#   Decrease number of Java threads
#   Decrease Java thread stack sizes (-Xss)
#   Set larger code cache with -XX:ReservedCodeCacheSize=
# This output file may be truncated or incomplete.
#
#  Out of Memory Error (memory/allocation.inline.hpp:61), pid=3180, tid=0x0000000000002b90
#
# JRE version:  (8.0_102-b14) (build )
# Java VM: Java HotSpot(TM) 64-Bit Server VM (25.102-b14 mixed mode windows-amd64 compressed oops)
# Failed to write core dump. Minidumps are not enabled by default on client versions of Windows
#

---------------  T H R E A D  ---------------

Current thread (0x0000000004afe000):  JavaThread "Unknown thread" [_thread_in_vm, id=11152, stack(0x0000000004770000,0x0000000004870000)]

Stack: [0x0000000004770000,0x0000000004870000]
[error occurred during error reporting (printing stack bounds), id 0xc0000005]

Native frames: (J=compiled Java code, j=interpreted, Vv=VM code, C=native code)


---------------  P R O C E S S  ---------------

Java Threads: ( => current thread )

Other Threads:

=>0x0000000004afe000 (exited) JavaThread "Unknown thread" [_thread_in_vm, id=11152, stack(0x0000000004770000,0x0000000004870000)]

VM state:not at safepoint (normal execution)

VM Mutex/Monitor currently owned by a thread: None

Heap:
 PSYoungGen      total 38400K, used 665K [0x00000000eab00000, 0x00000000ed580000, 0x0000000100000000)
  eden space 33280K, 2% used [0x00000000eab00000,0x00000000eaba6670,0x00000000ecb80000)
  from space 5120K, 0% used [0x00000000ed080000,0x00000000ed080000,0x00000000ed580000)
  to   space 5120K, 0% used [0x00000000ecb80000,0x00000000ecb80000,0x00000000ed080000)
 ParOldGen       total 87552K, used 0K [0x00000000c0000000, 0x00000000c5580000, 0x00000000eab00000)
  object space 87552K, 0% used [0x00000000c0000000,0x00000000c0000000,0x00000000c5580000)
 Metaspace       used 770K, capacity 4480K, committed 4480K, reserved 1056768K
  class space    used 75K, capacity 384K, committed 384K, reserved 1048576K

Card table byte_map: [0x0000000013ec0000,0x00000000140d0000] byte_map_base: 0x00000000138c0000

Marking Bits: (ParMarkBitMap*) 0x0000000050d5a6c0
 Begin Bits: [0x0000000014630000, 0x0000000015630000)
 End Bits:   [0x0000000015630000, 0x0000000016630000)

Polling page: 0x0000000004870000

CodeCache: size=245760Kb used=328Kb max_used=328Kb free=245431Kb
 bounds [0x0000000004b00000, 0x0000000004d70000, 0x0000000013b00000]
 total_blobs=58 nmethods=0 adapters=38
 compilation: enabled

Compilation events (0 events):
No events

GC Heap History (0 events):
No events

Deoptimization events (0 events):
No events

Internal exceptions (0 events):
No events

Events (10 events):
Event: 0.025 loading class java/lang/Short
Event: 0.025 loading class java/lang/Short done
Event: 0.025 loading class java/lang/Integer
Event: 0.025 loading class java/lang/Integer done
Event: 0.025 loading class java/lang/Long
Event: 0.025 loading class java/lang/Long done
Event: 0.034 loading class java/lang/NullPointerException
Event: 0.035 loading class java/lang/NullPointerException done
Event: 0.035 loading class java/lang/ArithmeticException
Event: 0.035 loading class java/lang/ArithmeticException done


Dynamic libraries:
0x00007ff7e87c0000 - 0x00007ff7e87f7000 	C:\Program Files\Java\jdk1.8.0_102\bin\java.exe
0x00007fff076f0000 - 0x00007fff078d0000 	C:\WINDOWS\SYSTEM32\ntdll.dll
0x00007fff07550000 - 0x00007fff075fe000 	C:\WINDOWS\System32\KERNEL32.DLL
0x00007fff03b60000 - 0x00007fff03dc6000 	C:\WINDOWS\System32\KERNELBASE.dll
0x00007fff074a0000 - 0x00007fff07541000 	C:\WINDOWS\System32\ADVAPI32.dll
0x00007fff05ee0000 - 0x00007fff05f7d000 	C:\WINDOWS\System32\msvcrt.dll
0x00007fff05090000 - 0x00007fff050eb000 	C:\WINDOWS\System32\sechost.dll
0x00007fff04f00000 - 0x00007fff0501f000 	C:\WINDOWS\System32\RPCRT4.dll
0x00007fff04d70000 - 0x00007fff04eff000 	C:\WINDOWS\System32\USER32.dll
0x00007fff03b40000 - 0x00007fff03b60000 	C:\WINDOWS\System32\win32u.dll
0x00007fff050f0000 - 0x00007fff05118000 	C:\WINDOWS\System32\GDI32.dll
0x00007fff03e50000 - 0x00007fff03fe3000 	C:\WINDOWS\System32\gdi32full.dll
0x00007fff048f0000 - 0x00007fff0498b000 	C:\WINDOWS\System32\msvcp_win.dll
0x00007fff040a0000 - 0x00007fff04196000 	C:\WINDOWS\System32\ucrtbase.dll
0x00007ffef54f0000 - 0x00007ffef5759000 	C:\WINDOWS\WinSxS\amd64_microsoft.windows.common-controls_6595b64144ccf1df_6.0.16299.125_none_15cbcf8893620c09\COMCTL32.dll
0x00007fff05a00000 - 0x00007fff05d08000 	C:\WINDOWS\System32\combase.dll
0x00007fff03dd0000 - 0x00007fff03e42000 	C:\WINDOWS\System32\bcryptPrimitives.dll
0x00007fff05880000 - 0x00007fff058ad000 	C:\WINDOWS\System32\IMM32.DLL
0x00000000520d0000 - 0x00000000521a1000 	C:\Program Files\Java\jdk1.8.0_102\jre\bin\msvcr100.dll
0x0000000050540000 - 0x0000000050dda000 	C:\Program Files\Java\jdk1.8.0_102\jre\bin\server\jvm.dll
0x00007fff04bc0000 - 0x00007fff04bc8000 	C:\WINDOWS\System32\PSAPI.DLL
0x00007fff00980000 - 0x00007fff00989000 	C:\WINDOWS\SYSTEM32\WSOCK32.dll
0x00007fff05020000 - 0x00007fff0508c000 	C:\WINDOWS\System32\WS2_32.dll
0x00007fff009d0000 - 0x00007fff009f3000 	C:\WINDOWS\SYSTEM32\WINMM.dll
0x00007ffefd5f0000 - 0x00007ffefd5fa000 	C:\WINDOWS\SYSTEM32\VERSION.dll
0x00007fff00860000 - 0x00007fff0088a000 	C:\WINDOWS\SYSTEM32\WINMMBASE.dll
0x00007fff03af0000 - 0x00007fff03b3a000 	C:\WINDOWS\System32\cfgmgr32.dll
0x00000000520c0000 - 0x00000000520cf000 	C:\Program Files\Java\jdk1.8.0_102\jre\bin\verify.dll
0x0000000052090000 - 0x00000000520b9000 	C:\Program Files\Java\jdk1.8.0_102\jre\bin\java.dll
0x0000000052070000 - 0x0000000052086000 	C:\Program Files\Java\jdk1.8.0_102\jre\bin\zip.dll

VM Arguments:
jvm_args: -Djava.awt.headless=true -Xmx1024M -Dfile.encoding=windows-1252 -Duser.country=IN -Duser.language=en -Duser.variant 
java_command: com.android.dx.command.Main --dex --num-threads=4 --output C:\Users\Vishal\Downloads\Java-Helps-Android-master\projects\Notes\app\build\intermediates\transforms\preDex\release\12.jar --min-sdk-version 15 C:\Users\Vishal\.gradle\caches\transforms-1\files-1.1\play-services-basement-9.8.0.aar\4f0aab21e6b199662bfc0e112a817e78\jars\classes.jar
java_class_path (initial): C:\Users\Vishal\AppData\Local\Android\sdk\build-tools\26.0.2\lib\dx.jar
Launcher Type: SUN_STANDARD

Environment Variables:
PATH=C:\Program Files\NVIDIA GPU Computing Toolkit\CUDA\v8.0\bin;C:\Program Files\NVIDIA GPU Computing Toolkit\CUDA\v8.0\libnvvp;C:\ProgramData\Oracle\Java\javapath;C:\Program Files (x86)\Intel\iCLS Client\;C:\Program Files\Intel\iCLS Client\;C:\Windows\system32;C:\Windows;C:\Windows\System32\Wbem;C:\Windows\System32\WindowsPowerShell\v1.0\;C:\Program Files (x86)\Intel\Intel(R) Management Engine Components\DAL;C:\Program Files\Intel\Intel(R) Management Engine Components\DAL;C:\Program Files (x86)\Intel\Intel(R) Management Engine Components\IPT;C:\Program Files\Intel\Intel(R) Management Engine Components\IPT;C:\WINDOWS\system32;C:\WINDOWS;C:\WINDOWS\System32\Wbem;C:\WINDOWS\System32\WindowsPowerShell\v1.0\;C:\Program Files (x86)\NVIDIA Corporation\PhysX\Common;C:\Users\Vishal\.dnx\bin;C:\Program Files\Microsoft DNX\Dnvm\;C:\Program Files\Microsoft SQL Server\130\Tools\Binn\;C:\cuda\bin;C:\WINDOWS\system32;C:\WINDOWS;C:\WINDOWS\System32\Wbem;C:\WINDOWS\System32\WindowsPowerShell\v1.0\;C:\Program Files\Git\cmd;C:\Program Files (x86)\GtkSharp\2.12\bin;C:\Users\Vishal\AppData\Local\Programs\Python\Python36\Scripts\;C:\Users\Vishal\AppData\Local\Programs\Python\Python36\;C:\Users\Vishal\AppData\Local\conda\conda\envs\tensorflow;C:\Users\Vishal\AppData\Local\conda\conda\envs\tensorflow\Library\mingw-w64\bin;C:\Users\Vishal\AppData\Local\conda\conda\envs\tensorflow\Library\usr\bin;C:\Users\Vishal\AppData\Local\conda\conda\envs\tensorflow\Library\bin;C:\Users\Vishal\AppData\Local\conda\conda\envs\tensorflow\Scripts;C:\Program
USERNAME=Vishal
OS=Windows_NT
PROCESSOR_IDENTIFIER=Intel64 Family 6 Model 158 Stepping 9, GenuineIntel



---------------  S Y S T E M  ---------------

OS: Windows 10.0 , 64 bit Build 16299 (10.0.16299.15)

CPU:total 4 (4 cores per cpu, 1 threads per core) family 6 model 158 stepping 9, cmov, cx8, fxsr, mmx, sse, sse2, sse3, ssse3, sse4.1, sse4.2, popcnt, avx, avx2, aes, clmul, erms, 3dnowpref, lzcnt, tsc, tscinvbit, bmi1, bmi2, adx

Memory: 4k page, physical 8269412k(621492k free), swap 12170852k(49916k free)

vm_info: Java HotSpot(TM) 64-Bit Server VM (25.102-b14) for windows-amd64 JRE (1.8.0_102-b14), built on Jun 22 2016 13:15:21 by "java_re" with MS VC++ 10.0 (VS2010)

time: Mon Dec 25 18:36:19 2017
elapsed time: 0 seconds (0d 0h 0m 0s)

